8698021454
1371482874
5806454209
6393320839
5507373382
8464625741
4788729265
11784562874
7081129473
10357780484
10261368402
3906009481
6525525259
11273165818
7876206189
10815442304
10861289529
9544137770
9978543718
11019113539
1115216168
706410119
6359119214
7717225201
8420428532
4517367026
7668676280
11551143446
7801951278
6972042344
10758371592
9064972606
6175299608
11087933418
4426092558
10114086342
14859973897
12587886987
7729525509
4459006026
14205205435
5530417341
5957746210
6833575758
14115448648
10331772852
9557198711
11547928531
14166969058
7148201116
5643852268
3775353554
8387119906
13017258882
8606505559
1590291712
1033098844
10349903513
13701635314
6840962235
8008067816
11098054217
13977948532
7711820710
1219534429
12558366941
7719423168
6775629898
1849343220
11849931126
9503398684
5479806953
8970821064
12896885976
6957983252
11381844169
9765340935
13018097502
6343632875
3643872417
9722913712
6259025285
13746293423
4775919223
11651237668
4795244160
8072539044
13336823526
8545665349
2194066304
5856596163
747622423
8869219704
5474938719
11159988729
9683412557
5495325899
7132849213
5223874796
9744321444
11103245638
10067197520
13643731318
1791276048
7227960100
9402281234
2160345733
5952316004
7644312301
7648510444
5843679659
11882476723
8860957879
11802096159
7230240737
3992808840
5776975787
3472875803
13188167197
5884060776
8936483170
8938470307
13339072543
7099594194
13645499913
3826060191
13297695876
12934466565
14000146370
2582750860
13689615028
9873859762
7778539075
9887937868
9679754205
5340543132
6566672627
11867224067
6413103861
4963857485
8133947381
11037376694
1710237918
5898905633
12707000136
6529842193
15509376250
3807865831
2521006636
11945045156
12695327347
5916943551
9601849439
6962513859
2868184199
6159297415
12345764616
8401778201
6819897004
8485448962
7478235567
9260809164
11946782035
7780605972
3097501186
8496439702
7975706961
7170112603
12002423778
4108596987
11919743050
10901022580
7919330378
6784161880
4301936393
7983378223
3425366169
9062748987
8737257581
12301577213
10330368626
7044759499
8117170139
6576577407
3074229188
7169534608
3973497892
7484036101
4028020567
8540203289
4055809501
6720512837
11287157707
8617659517
4932218196
7169236010
11300729678
5145044106
6717853812
1626326485
11775226353
7006961449
3518253942
6760921146
8950191311
6523722785
8856740779
7560451487
6934458962
6647633595
6300158459
6896533614
4142597896
7849342265
11632144070
7447136102
11907978822
6402882208
11760680187
7434504380
12233572497
6861950533
11488816395
8029622841
3806909303
10538691282
3137498683
10161729315
12026469084
8548310296
12489473258
5349962335
7292997351
9247781238
10406384662
7809683161
3453872510
7750824694
10394839884
11041967062
4032855851
8363132630
4577036133
8195459723
3698685807
8054647894
3508997806
7523130605
11579720766
9880971399
11459908234
6962243152
4571999084
4779027235
7325913784
11414205120
6157223327
3212527461
7593269554
6488731304
13705300466
8071813119
3309788527
3631895582
3339403691
12344147919
8278959706
12387724338
15584376250
10069707216
3147243198
7187059833
8994129638
7856021178
4159342277
7721750139
3185479153
3260793401
8949455965
8691957909
12116552999
7275583914
12669125366
12779792881
4413746324
7727679094
4180676214
7397330299
11375555514
7496717732
4760516440
8351286924
3611680239
6838575154
7284976228
7249397559
4655739922
7073413661
4599466455
10774212092
10701051929
12318224840
11032430106
7395475827
11184441614
7514861224
11304017514
9448797082
12713511152
9133901174
10131375863
7772283985
4858752035
3186552519
6915100923
7926886868
5292441797
6185115173
10451020284
7591756260
4270720551
10068275102
10564738566
6763415086
4714895593
12782368177
3794477097
8098301593
10963854655
10058478425
3924284010
11745458299
4623622395
7558833387
11749194031
7423167827
10375553859
11551867853
10964393513
6361673994
7900040223
7517885393
3869858434
3265271468
7918891855
7891680485
7001757561
6857525048
11987691143
10993782072
12039301722
7915122587
8113598094
9083622160
7351714955
8308620529
12770798115
11532429333
6449038504
6127237247
11881082175
12099202392
11817548644
3736859980
7527531095
7510863092
12050373925
5555657707
8885977505
12691908197
3267289660
3267413367
4698347981
5038956879
12837232242
5082649508
11591362650
3088399156
8707777232
4829294994
8124757286
6157035530
11837752196
11986809947
11327088754
8060488147
7546138475
4914425508
2690554711
6430034091
8040942760
6520480651
6899258859
2774408286
6943455038
6971473190
5987663429
11345486685
8234958342
10406015510
11765977840
5951401987
9877157852
5429413694
6903412916
12682282301
8983204818
9741756124
6478204770
2817920871
2062097585
11492841459
5481616854
9434576807
6222679204
4277507453
9271859880
10578081688
7753407509
10783364489
5241296448
7808528419
3869193005
13010494280
7280425420
11127300221
7773589366
4186140012
5298184263
7365103535
6796367983
3797584931
7455889488
3240280419
6280506201
6110571651
10995990735
13196493785
12275557663
7848984222
10641411021
4841672934
2194597699
9058082786
13831230252
12872322228
6197321744
9233886843
7901476898
11413250602
9715145885
12210159787
3967903928
3022162854
8797455754
11782871920
9722957406
2720267586
8076034214
6272882086
8241250866
8708372855
9944197925
11551846400
5995944296
12403218429
6799182704
3715570765
9066126826
11096203293
5075171634
9591896368
5595149890
5939635662
10707918579
9466757370
5437150760
8654969616
7617267240
4175793664
3533481351
7301654674
3428073856
8269467248
8294747286
11543824175
4016613069
5550380699
4780165907
7220993212
11122699918
9046270612
9345407493
7301112170
10809596975
11200129935
7811532402
11736080986
8083001024
8174944148
4828385759
2331818113
10732314746
12003166314
5792817813
5125047696
10886766094
5838778933
12897384028
7253062193
7801340030
3695259872
13149044585
4060792119
8206324768
7536400834
10195084152
3420913498
6100697870
8720200730
10360751205
9866282577
8320685801
3876547190
7260855312
12794594482
1866501706
7054977004
3263943182
7411135450
10929085730
12825181431
7220757301
5522099025
6307169951
11966838489
5975096440
12274791224
10385372001
2983465543
4490716923
8344465837
7085161117
4197313469
10684270191
7323977984
6260701168
8354154945
3123430967
11305306498
9869900355
11991693050
9894439892
3755275726
12661912428
3218045231
7565268344
3372061242
8408056786
3188676905
13239005965
4639880749
8564941934
7343820492
4819870867
7492751731
9457164283
6465809775
9445868282
3470218210
6972261407
4492029272
6517749709
3124763466
7027427857
9047640032
6703629030
3271731533
8608451349
3444868658
5527203492
11506190094
7305709857
8439494516
6880448031
12078840611
7766337799
11554082025
13580687236
3245712360
2302440128
11810939440
10109224910
6156979693
12298382805
5949754804
8500525528
3355542280
7413283781
7488680305
7270870178
11831974533
12874112336
5868547384
12144870057
6386363704
4885326560
2825573665
2849469480
3059343838
12017894705
2530937433
8356757190
12255430385
7313153387
8228308142
7144474334
5330667628
7000878507
7887933283
7096063786
4560609414
9116613321
5421954369
7138857975
11617693865
12648716377
6429176754
12926190451
7055941777
9425331969
8994785865
8558968457
8407632411
11684475666
6433463663
12329996240
3548798838
8068527874
3109578823
9933235380
6376250584
7983658034
6820221299
6672494766
5511655331
9112554388
6597702750
9914832391
7148734180
6523894053
6624135272
7414107601
2949142432
4879174693
2891971650
7957472789
7985098691
3236760638
6080203118
3244705946
6923002899
7960087611
8064380206
6721176310
7510776344
6789647624
4152535444
6884679942
2743424645
8263426361
8894346562
8059755832
12174384434
8323118528
5339854762
8554590010
10065361586
8086988705
6315909321
2363460147
13726291463
9863711327
11799427263
6707237803
12621219897
6062078773
8374113160
12737717224
12303109027
5726341983
6135232400
2921252926
11814634861
12285962893
3815879640
6792316596
3168247594
11734663723
10355992885
7637755391
9554921709
7428362948
10520893529
3221167746
4560642211
11443136525
11376709259
8598321180
4543693892
7559044195
7903033187
8260268332
6856873569
2103440853
4597016287
8565092675
8327998299
10935892197
9308347821
9184485737
7948661483
12704258829
6057757898
12498829788
8141343837
9326995797
5866081274
5944982491
3828343300
6496663204
11019501718
7110400796
7113766456
6643039544
7538731352
8111762890
11857595687
8147152699
7742262615
7978290449
11701390962
4864238071
6868504597
5868832499
2682180493
9272980755
9388902999
11665644857
9866001382
5224895072
8019107959
7287427918
8356398629
5766151335
5745392973
10965187367
3542931517
8643904342
8849437230
7125207666
6877501098
4745249442
8426597820
6455201277
11368403019
9333335451
12568025483
3333203661
11492593667
10729177536
11083265218
7794832869
12370250579
6083834004
12571827768
2917225006
8624124788
8434465885
7869178030
10732672813
11013346951
8288519559
8752179482
10840480176
7611720772
3921844737
10353652516
8107538781
9891815528
9027381741
8902773223
4386480285
11052774334
5165215002
11155210693
8414742270
3134051247
7766587968
12021963781
7313438905
10230655102
12537958369
13039183871
6672032792
7307208910
8363379451
4881758911
8179652596
13029239035
6319926868
7146601054
8223746014
7467460077
6400543453
8555409854
6938587397
3466581993
7438641046
10303683324
3831036315
8757129713
4173127089
7439219567
6952774945
11717275547
7967256845
4626813932
5187023604
6430026475
9751774175
10680749463
7223953378
4402641654
7338228923
4112779746
6152806427
6096673041
6606339572
3896021870
8154688263
7550626429
7046644479
10790874610
7995828191
11570833519
7460176038
5074655729
7836640306
9935063480
4716281900
6406786901
8073847829
2452435207
7701193368
11918247095
10080739152
10812181791
8904869470
10836045532
8592014033
8758332976
6382758709
3074675655
4479522632
6809631851
4487242622
7561602870
4228461810
10873188981
7677838760
8010574219
8753661928
7503628439
10500345410
11716169074
12545649313
12046529132
8752013385
3489474686
3998743002
2569595986
3353794620
6384145883
5208951106
11669124989
4056551129
10544520753
10004932301
6166008080
12409346635
10141697871
7300692653
7716942180
3228498587
10610661778
10856373466
9373054022
6024133253
6905339497
5304860812
8147445378
10999949440
6684732635
11709324521
9743552635
5092788810
5849378128
9955356080
5711681544
9065841142
6741789079
4269912665
4361499761
3029582037
7502396308
8041145170
7904152654
10374140842
7743148186
10372362493
6624124291
11603831812
7706813063
9137059182
11631074719
4823833735
7145370557
9034819407
10126808720
7952481553
6035175641
11393392886
8373393106
11306904739
6257161277
3992631452
5933591476
6895668515
9132126759
5245925048
10697316660
4155381906
9854983107
8595966189
5589194076
6483731318
8150697336
10493162955
8747436171
6625305218
11885471300
10527455896
7211377062
5893963363
7345657777
11656776184
7615099360
7167520467
3113657853
4837844861
5061593033
10269568155
3754775210
3805247065
3817088564
9261992891
7572443063
7343032797
8819984398
10739101717
5817034249
9769189149
9662245525
8907066930
3744828054
6748474319
6601758975
9806315580
7799752124
3813645389
7570686420
11055379108
8331730914
5285625264
4639485274
4575948181
9841554514
4847507931
9766942563
11904562295
8940814605
3193878480
7766886913
8237308233
8350166567
9890690025
4432657014
3055984985
8872112787
6980386205
5374050265
8261655292
10587942526
3008197065
7996360522
4864126502
7873472073
9706274924
5432840680
8665042287
7715726855
8471701569
10345090340
4901813158
13213896283
8385098864
3932310477
7661747133
9417915964
4380326347
8757251773
11236248793
10033521196
8252920563
10186491095
7974849280
3572911719
9365089369
3557541761
6673018025
10250970991
9649563902
7804518712
3614500295
7302944652
8591914710
7402930972
3912166307
3794651574
3475393917
7944713573
3682614759
5480536070
3908226577
7488048087
3791323441
11864520010
8325828010
7306068392
4264618771
4607854787
5285998116
11404475346
6253717575
7924643036
6615993143
10085816001
9244589167
7792060014
9793967408
7967671204
10339380520
6997341033
9098888330
7850074398
5352690291
10784450847
11930332563
7056517049
6357252381
10360273337
4871010896
5402203395
6997753363
6373942049
10536799910
9026151758
4936508701
6194539674
6804957296
4075115290
10906834507
6851927245
5290660215
9310556832
7529924555
4727164056
9601038066
8160140461
10544372982
9741619060
4326298729
6719848325
6405860545
8026572839
4380168255
11376530260
4071628864
9203926761
11243445030
10890717059
5598575325
9608282287
6385123655
10008216674
7290471522
10794686758
9905750411
6029929626
9617605308
7243720650
10146882689
7273288620
6858316694
8353546137
10356271649
6609645484
10298414964
10959084030
6704188639
6215365242
8745815481
8064469750
4982567495
6129409476
11473858499
4121704215
7898360088
5328611863
8547908637
15621876250
8509764987
6933439718
6469505706
3920393702
7704430229
7809772932
10073343439
8164829082
7373829405
7090481560
10101231515
8363159572
4740764477
7594513778
8508782960
6854133056
9272373496
5721964641
5487478162
7740171116
4488626523
8199702502
10029419699
11802678387
5588042794
7115567354
9400589093
10176459964
5196108835
8636536444
4014737158
7327965414
4356290538
4576939534
11148332259
8678763359
4693503856
8951644476
11713587826
4590332539
5490765681
4483405322
5094756504
9741875842
8687490550
9444076556
5751542807
4605052487
5941141939
10886865529
9156347240
4526125458
7092822007
10207455475
10146017026
4816705919
8570902553
4777874519
11002699854
8765448671
11690440373
6051070953
10761028029
4336341491
11711555564
3745675070
6647309596
4625264618
5471201620
8134380125
5693198942
7456119363
8570089418
7952580794
10741238999
8856136361
10505445133
9012552840
5353929315
9063765824
11615330588
9650502955
5452718417
8094323949
9714513081
7456488572
11638261369
8356386246
9989053415
7605460801
4225251623
6947212199
15628126250
10239112353
11561126529
6023338669
10969588961
10001626698
5475966819
6060401985
10182507901
8498175098
5441451697
9685812127
9176052038
10971102479
4556516203
5428362830
5077463628
7719862611
6259615430
7664584345
3876314558
4582375766
6059072085
7187262966
7724322623
8786337065
9555645289
11816965228
7323933802
7903033166
5527517646
11305785214
10003169286
7332029760
4492450829
6544148452
5048113251
9112828940
7090414331
3848547393
6168221932
4904735987
9911358763
6991289854
8072999720
6504409570
8485680631
7266562952
7553441905
5262153246
10699365542
11026946751
8992399047
8302634703
4241312399
7212494989
4085592448
9755250415
10809761285
8616801021
8862936763
11054993773
12071975813
10649202918
7868212249
11605302254
6136846940
7880348645
10118604014
3119427399
10305532718
10840826827
8648940863
8499961339
11692515282
8868949310
11767821115
10082034680
11076149119
4066359485
9501942657
11486941064
4989439939
8051962171
9163124180
3677028513
9511573139
7872680794
8355190216
7652391120
6609664741
7930172819
4360980376
8405342786
8012875200
8016249446
6884934557
6548346709
10962809192
10477895096
3763460990
10604022269
10143063729
4993333850
8635938383
10230438275
7951630876
10311664132
9155081188
11207790388
4370165118
10810157718
7156720300
5370575448
8329601254
7948652419
8021641256
8418178811
8415411434
7592914638
8959901613
10381539080
3689331221
4298062682
5972691352
9185255934
5427368797
9503262691
10875788578
4991685209
11904613625
10311820732
9616609967
7134502644
9421363288
11182876422
4655042752
4840208600
8359606443
5234259932
10037917494
5565700643
7714734771
5381562285
10764533869
8233523922
11651787748
11332404927
9335061629
9928444357
7880269291
5612050765
5756175735
4439319023
4519087846
7593476020
7185733905
8358211685
7622216275
3388209972
4815887860
6176612320
5932127572
4026339482
9396667307
10457957259
6888765960
11337111402
5347939593
4217787299
8323740946
8196110372
7659287154
8595537365
7913465596
8279312241
7486277119
10853318297
6923775077
10911550927
11032745714
9063689614
12190590877
9715762464
7714553777
12190590877
6622019791
6520679852
5870783816
4372705506
7521111039
5543814801
10590432948
9564391283
8611549644
7891180777
9115075217
10128565639
7293713162
9916269287
9008947225
4840329165
9411362038
9299474111
7579505129
6657864236
8091619802
10147641449
8731984022
11256111995
8649898046
7897896433
8268006721
9577326263
6937703398
7894500482
8768237383
4193134671
11087151061
11442481799
6408018770
9674947693
6691790633
10746384113
4891068361
10133283797
7455744389
10117601174
6820302123
5527769875
11637836461
11418616531
3675027811
8713243626
6004292399
7326143042
3844095907
11662020248
11072466762
4977075516
5241526707
10608492814
9271137791
5047802265
9258505617
10005671291
12050434168
9164841126
10026158558
9624629762
8071984133
11479785159
8146881474
6744580893
5317648972
10641070820
7716821332
5717819793
4537239529
5776887191
7729379387
11291999595
8423897423
10599869701
4373297193
4610075966
9835675292
5077682911
7929024684
9318897916
10465198818
7959878623
10911216255
10347558817
7073058217
10165162651
6977829395
7043859681
4720890271
10246380808
11048823239
7149832919
8656002601
7626764631
6125048471
8658560796
6009392733
8898529616
9190927206
4196869010
6343041231
9159989219
5785697264
6433604352
10334272674
9055315666
11323388700
11019619509
6387081816
10546792476
10433910618
7424851041
6488443111
9162118723
9156328339
9846773175
5883158012
9433607042
4440464032
9841455854
5796509442
5706233207
4169801953
11259091953
11112433317
5052122695
10352935242
10501407772
8741075128
9911258711
11113380323
6920628703
4582732635
10911559924
4372657208
9392789324
9651359438
6877686500
4101809421
8131278016
10636485716
9235534897
11296713898
8197046808
9477539224
10662380244
8319628886
6269062174
3971550526
11400114155
10256062081
9232491606
11440015886
8166395924
7257565920
8404001461
8520479030
8016379564
5152484270
9295991034
10663254998
11578410764
4085996717
8332000595
4919523126
8238366849
11100614161
10600404369
4105354631
11326608653
9720043509
8289920360
8012780363
6709942346
8636571202
3807907390
3908093991
11549813260
11167964750
9952230183
7607977756
9964087907
8035715439
10536389045
9363512198
9756602854
4492016988
6110226846
4377736024
7628467801
8106324700
9741953215
7809164879
9132867331
4214605980
4452757880
9291355988
3846982734
9011319249
5619364919
11248621608
7414493498
4275149812
11116974676
11236770419
7169395537
7065863241
8931380812
7589980981
9205584766
11675175870
8855969508
11058503304
9015488320
9944077438
10732337997
8857250287
7962895254
9921027378
6251705834
9245580989
3629682113
9985624936
7733812971
10891346700
6180071248
7812034069
10404103217
10807873159
4436333893
11420125950
7237635708
5335505767
5680232681
5397957072
11271171138
7575525638
5025520992
4071386583
3955462774
6084294253
4458612944
5689366643
8009917658
4792584717
9293108115
9876605617
6461008913
8007306257
8067012686
7004048559
11292247232
6345074656
9320366254
7174725173
9427324979
10664594287
5376530881
7001513914
7996965336
7484888398
7718684734
7152470269
8807923038
4707312511
11135756259
6481804470
8848368842
9600704885
9749397098
7335387859
9981117571
11581434924
10024505471
6177440082
4580847050
5277083701
6118148661
7236133773
7009797874
7675848608
4142684315
7339910504
8996221529
8008916353
5600293845
10862305112
3855828339
4036206898
6938383540
8197966503
3899526408
7379642941
4580887453
5942541838
7540573129
10109659652
11791423370
9738360221
4931134861
6662236202
8537474610
7971831988
8785731278
9125269844
9330321270
11571444663
7568948475
4881292642
5310540632
4249796814
9647799871
10783473590
6449732287
10056271125
8298299999
11565730599
9859432471
7699360870
7174925352
10218526687
4670803260
6397221835
4281615055
6681155991
6559076936
7670808107
4318907842
5967209600
9738521354
10393133899
11329521237
9690033660
7106562601
6366162302
4248533731
8234194626
5160737943
7497986423
7947964533
10231319983
6518065610
10511755985
11744398608
7292163136
5446612624
8963599247
4303699585
7217529356
7228126869
9148860397
7998026597
11079372953
7579269981
7128246623
9215350572
10209568594
6472922275
7942975749
7826537932
6172915323
4537766547
7109557508
6743754431
8337420821
4312423133
6786816902
5149780892
7463814763
4413182510
6167297569
10138084832
11052709503
8413962192
9923488525
6895687023
11798376564
9939378728
8885001576
8387435304
8169883287
4144850888
10115727542
10762372555
8681209096
7197484925
4963415388
10084242309
9340182055
11554355509
4571325836
7040680047
6156037380
9881657661
8887931188
11347430589
7371053203
9896393312
7429213121
4476927673
4200934741
4599674568
8150263236
8583953998
5922879629
4353755033
5087752649
9332782856
9276366270
7650320412
4205944300
4458237520
4082653494
4470998222
9306640820
7892572084
7361487216
7217065239
8704407639
7857749037
5577962023
9550527739
5126423628
6218023662
5695870657
7284759807
7734907026
4992004130
10928210529
10337537019
9215837417
5122520508
4427874073
7812864259
7037946273
6263463219
4056208263
9412272625
10176651350
7644802590
6633990375
8856800631
10828402550
11518615613
7249632173
5442620336
10041930440
9809761212
4699642168
10964944092
7931366078
8620989439
9098313007
11169615111
4343654750
7912518674
8208865898
7746262678
5050014881
6906872504
8229808697
5667849313
9280108631
9793387775
10914159331
10213100664
10346565010
10534133268
8685609463
10900035168
11460055642
6145776347
9290252625
11305001535
6786308291
6146623455
8396459285
4402288394
6170695418
7622137019
4395643739
5716345397
8462146584
10203729026
11461210971
4845779841
4254748386
11658312268
5232498267
7259969205
8733890029
8569928008
8951538713
4350169097
10375813072
8626184449
11801399870
10299918594
11309580642
4058415765
11398615178
8379873699
7998334619
4045383808
5022206525
7168346333
10628440064
9574916504
11674263576
5742405853
4394359183
11380759426
9847465368
9404816896
4685962841
7893569085
4905952722
3733404213
10460205826
6728444613
5111555507
6564473096
10903311042
11616144950
4529748475
5370486723
7668277831
7967812002
4326532388
4835104781
11758253571
11592111133
9256536424
11314729811
8516208465
6177179532
11611691173
9170301564
5159830181
9630997769
9794764280
3801436119
5302080768
7618124159
9520716725
7498577162
11254996402
11577787489
4561763565
5467817627
7569408956
7950683134
7875637645
5872574370
4072619266
11551553603
7709285943
5613976752
7951658712
9724114057
5914719712
6739751628
7811520857
9630016533
5133699558
10386775485
6841994250
4895273628
8892373284
9677760318
5702640076
7980091008
8155096647
6664489232
9793134771
7483069266
9522678411
6432970978
8674079776
11229603096
6391849700
10522030874
9643116395
4116735132
10568172298
10128269536
3975675506
9488465037
6427334769
5299325660
10248933672
3920791570
10312800953
10676004072
8997871455
8843919550
8566896767
5230485833
10442687948
10805567040
6536442736
7670335088
5828323094
9240809757
11727917959
10621858503
7646490302
5697246426
11169543868
4719609950
6329178148
10688241418
9466488367
7338831682
8863231004
9944983249
8927244797
4799914249
7963861146
8114094324
11367146682
6689019916
5824207546
8601178688
9899651397
4755379179
11563928741
4191820997
4686223195
4285473481
3867537104
8134596982
6611052001
8245444445
5599196158
4272188056
8467336375
10382828194
7889799102
4318334518
7777826782
11308454766
8609264662
4261963231
3733532533
5452496754
8661452559
4305212487
7611765772
9174426753
11456205761
6658064255
5941305572
7801945755
6783587459
8160444093
9929487635
4058465843
8323344654
11285478985
9854989864
7511707231
9040852251
4252277675
11560877075
9271756903
10082133777
7917570271
8499470392
6308014397
4971695923
9232616882
11304065166
5418418761
6605284183
5736053819
5998848899
7013649955
4724470419
5790349550
8828085638
10952191711
8627535980
9205307990
6168330445
5547397913
3962005976
5893709553
7753264456
10806147546
11278073247
6488001053
7646655511
9072183203
3793138261
9141717638
7775712702
6141835804
6272140559
5175312695
4289268973
10495511665
6031910286
9963981692
11790372364
4966129678
9447335389
4500210853
4402365750
9227764210
4599056889
10893223022
4148629032
9455700902
11825468257
7356683124
9643291923
4299265074
7130119754
8332145703
7361896745
5921045233
5314918598
8881846412
6824775253
9251295063
9243833580
6613566096
5057433591
7891135137
6627794675
5649126619
6737367848
3640877667
4877649581
10458475024
5550145674
9458179519
6914837807
7887992263
10165343482
6312550069
10896566584
10627640793
6259610103
11461518708
11439620796
3736737178
10571003218
9034607616
6859101474
8986382922
7783817538
8468561625
9344436386
11526796158
10875973612
4373948994
4974523185
4219403089
4954218591
7307438866
5857458929
6594341921
10025770054
11530592963
3884653784
11188696245
4385187470
6139191035
5813201641
9205279589
4073870523
6249135611
8020165673
7213492261
7050211307
8252293628
6919930788
10980886437
6166784626
7339228729
4614134757
9186034608
10415004728
9007067341
9412970912
9640024553
6945332330
6401243677
7697443013
8959937545
9047596984
7043451167
9408495517
7004568905
6008581947
7399990140
10256500441
6993878279
9807533329
8444975500
4916119928
8730599977
7228631497
7924369916
5761830314
5641232420
11307775553
5359477987
4419262925
11648118853
9456640035
5679473840
6847388346
10665231266
11033103253
11017981620
8196227707
8121474759
7302870321
6342734017
4908826431
8834688462
10156399815
7652843415
4447579771
5856939543
7886326478
11532452432
8680820742
7554725677
8455999451
5568783633
7486538751
6112891066
9522383182
10491650882
5648079960
8734068192
8292533092
8740140466
4845608703
9719526308
8742694562
9127365780
7584965652
9945488467
4383125536
6876935094
11188818070
4541714996
10021902196
7038323987
9361845390
5416729094
7463346397
10435249439
5709780855
11150989142
4555759325
4511859359
11250924381
10724121079
5908833714
8674005983
7397145079
10442508828
9321601313
9553885320
5521085669
5385691432
8977130276
6199682986
8671653152
7167652603
5287739766
8352039854
9553140797
5037743623
8418853135
9705418782
9408093873
9192614087
4943377605
11007218884
11365491449
5085653637
7162616577
7275642566
8455611939
10655504939
10885293191
9435119389
8929504524
5023151914
9784435961
6142032338
9781586181
4659918489
8504705677
6835409940
9284327294
10705512743
10141721780
8741994603
6095984033
4338689626
8631537705
9588945784
6126144007
4665128331
8907503857
8896547020
4098024730
10015182890
4772763968
4491999314
8068319413
7447204258
6956784492
7142268248
9783892939
4657131719
11316535228
7613750762
4476881020
6164363514
11277566239
5678822697
9573204900
8596009099
8394482109
11549722863
5402983327
10776151584
4793443168
4209397733
4982454066
7492540603
10740303813
6814401471
10335782929
8383846688
8845985656
10047174944
11043280442
9320636067
11549067228
6867450249
6183245158
9610403003
9895560207
11134403237
6061671472
11537971015
4186128180
3910157184
8577650599
7906307199
8826638682
10036851231
9735165085
7128400314
6485285591
9858791893
5092025704
6206395985
4693944743
6026584985
9228420012
9054103109
8236620633
7138183392
8845846217
8776083679
7198605757
4349019301
6001961132
5075954777
7875753432
10056527711
5761273365
6048000218
9957203713
4183102533
6736058366
9181629367
6362178115
4468206777
10420864124
11403295985
4052700604
7306347208
10180223938
8506065008
8255490874
6231373402
7208027735
9833213545
9125529401
8852007519
9598469409
8755063489
5053332756
10775379963
6644428860
5128342026
10061469803
11160530926
6289525378
7911347588
11300410617
11504207236
7806236770
8916935099
5250656678
7247656786
7181516407
7720553881
11615779591
6498929015
8811474431
4706074845
6734557731
5456246444
9967623816
11057941162
8918449163
9249877685
10246107018
7787438281
5444294429
6238290364
7882592900
5491018765
6168275097
8856687641
9115283761
9454116936
5317184571
3923973830
4632877279
5689500643
7845042169
9161137297
8804696565
8272674580
9621634136
7089589999
6984518412
9313303841
6644462461
10366401007
8591091410
6378774253
8767894254
10176711799
10401398283
8624643105
6639692594
4714735799
3880164504
10827374787
4358996625
8989931139
6701422011
8315525699
7411519653
10535060243
6176497781
5546885325
10549418376
6117930946
6162348363
6844532471
4919737603
8148451234
8237070856
11465516757
6934429539
7968699846
7075392452
7910501893
6134682643
4378867288
3.021000